Loading /Users/teppei_tosa/Apps/sbt/bin/sbt-launch-lib.bash
[0m[[0minfo[0m] [0mLoading project definition from /Users/teppei_tosa/dev/spark/graphx-advent-samples/project[0m
[0m[[0minfo[0m] [0mSet current project to graphx-advent-samples (in build file:/Users/teppei_tosa/dev/spark/graphx-advent-samples/)[0m
[0m[[0minfo[0m] [0mCompiling 1 Scala source to /Users/teppei_tosa/dev/spark/graphx-advent-samples/target/scala-2.10/classes...[0m

Multiple main classes detected, select one to run:

 [1] com.teppeistudio.Day04_01
 [2] com.teppeistudio.Day02_02
 [3] com.teppeistudio.Day02
 [4] com.teppeistudio.Day03
 [5] com.teppeistudio.Day03_01
 [6] com.teppeistudio.Day04
 [7] com.teppeistudio.Day05
 [8] com.teppeistudio.Day06
 [9] com.teppeistudio.Day02_01

Enter number: ８[15G[K8

[0m[[0minfo[0m] [0mRunning com.teppeistudio.Day06 [0m


~~~~~~~~~ Confirm Vertices Internal of graph 
(1,(Taro,100))
(3,(Sabo,300))
(2,(Jiro,200))


~~~~~~~~~ Confirm Edges Internal of graph 
Edge(1,2,(100,Mon Dec 01 00:00:00 JST 2014))
Edge(2,3,(200,Tue Dec 02 00:00:00 JST 2014))
Edge(3,1,(300,Wed Dec 03 00:00:00 JST 2014))
[0m[[32msuccess[0m] [0mTotal time: 144 s, completed 2014/12/06 14:23:35[0m
